0 info it worked if it ends with ok
1 verbose cli [ 'C:\\Program Files\\nodejs\\node.exe',
1 verbose cli   'C:\\Program Files\\nodejs\\node_modules\\npm\\bin\\npm-cli.js',
1 verbose cli   'install' ]
2 info using npm@3.6.0
3 info using node@v5.6.0
4 silly loadCurrentTree Starting
5 silly install loadCurrentTree
6 silly install readLocalPackageData
7 silly install normalizeTree
8 silly loadCurrentTree Finishing
9 silly loadIdealTree Starting
10 silly install loadIdealTree
11 silly cloneCurrentTree Starting
12 silly install cloneCurrentTreeToIdealTree
13 silly cloneCurrentTree Finishing
14 silly loadShrinkwrap Starting
15 silly install loadShrinkwrap
16 silly loadShrinkwrap Finishing
17 silly loadAllDepsIntoIdealTree Starting
18 silly install loadAllDepsIntoIdealTree
19 silly loadAllDepsIntoIdealTree Finishing
20 silly idealTree:prePrune peerJSp2p@0.0.0
20 silly idealTree:prePrune +-- accepts@1.2.13
20 silly idealTree:prePrune +-- acorn-globals@1.0.9
20 silly idealTree:prePrune +-- acorn@2.7.0
20 silly idealTree:prePrune +-- align-text@0.1.4
20 silly idealTree:prePrune +-- amdefine@1.0.0
20 silly idealTree:prePrune +-- array-flatten@1.1.1
20 silly idealTree:prePrune +-- asap@1.0.0
20 silly idealTree:prePrune +-- async@0.2.10
20 silly idealTree:prePrune +-- basic-auth@1.0.3
20 silly idealTree:prePrune +-- body-parser@1.15.0
20 silly idealTree:prePrune +-- bower@1.7.7
20 silly idealTree:prePrune +-- bytes@2.2.0
20 silly idealTree:prePrune +-- camelcase@1.2.1
20 silly idealTree:prePrune +-- center-align@0.1.3
20 silly idealTree:prePrune +-- character-parser@1.2.1
20 silly idealTree:prePrune +-- clean-css@3.4.9
20 silly idealTree:prePrune | `-- commander@2.8.1
20 silly idealTree:prePrune +-- cliui@2.1.0
20 silly idealTree:prePrune | `-- wordwrap@0.0.2
20 silly idealTree:prePrune +-- commander@2.6.0
20 silly idealTree:prePrune +-- constantinople@3.0.2
20 silly idealTree:prePrune +-- content-disposition@0.5.1
20 silly idealTree:prePrune +-- content-type@1.0.1
20 silly idealTree:prePrune +-- cookie-signature@1.0.6
20 silly idealTree:prePrune +-- cookie@0.1.5
20 silly idealTree:prePrune +-- css-parse@1.0.4
20 silly idealTree:prePrune +-- css-stringify@1.0.5
20 silly idealTree:prePrune +-- css@1.0.8
20 silly idealTree:prePrune +-- debug@2.2.0
20 silly idealTree:prePrune +-- decamelize@1.1.2
20 silly idealTree:prePrune +-- depd@1.1.0
20 silly idealTree:prePrune +-- destroy@1.0.4
20 silly idealTree:prePrune +-- ee-first@1.1.1
20 silly idealTree:prePrune +-- escape-html@1.0.3
20 silly idealTree:prePrune +-- escape-string-regexp@1.0.4
20 silly idealTree:prePrune +-- etag@1.7.0
20 silly idealTree:prePrune +-- express@4.13.4
20 silly idealTree:prePrune | `-- qs@4.0.0
20 silly idealTree:prePrune +-- finalhandler@0.4.1
20 silly idealTree:prePrune +-- forwarded@0.1.0
20 silly idealTree:prePrune +-- fresh@0.3.0
20 silly idealTree:prePrune +-- graceful-readlink@1.0.1
20 silly idealTree:prePrune +-- http-errors@1.4.0
20 silly idealTree:prePrune +-- iconv-lite@0.4.13
20 silly idealTree:prePrune +-- inherits@2.0.1
20 silly idealTree:prePrune +-- ipaddr.js@1.0.5
20 silly idealTree:prePrune +-- is-buffer@1.1.2
20 silly idealTree:prePrune +-- is-promise@2.1.0
20 silly idealTree:prePrune +-- jade@1.11.0
20 silly idealTree:prePrune +-- jstransformer@0.0.2
20 silly idealTree:prePrune +-- kind-of@3.0.2
20 silly idealTree:prePrune +-- lazy-cache@1.0.3
20 silly idealTree:prePrune +-- longest@1.0.1
20 silly idealTree:prePrune +-- media-typer@0.3.0
20 silly idealTree:prePrune +-- merge-descriptors@1.0.1
20 silly idealTree:prePrune +-- methods@1.1.2
20 silly idealTree:prePrune +-- mime-db@1.22.0
20 silly idealTree:prePrune +-- mime-types@2.1.10
20 silly idealTree:prePrune +-- mime@1.3.4
20 silly idealTree:prePrune +-- minimist@0.0.8
20 silly idealTree:prePrune +-- mkdirp@0.5.1
20 silly idealTree:prePrune +-- morgan@1.6.1
20 silly idealTree:prePrune | `-- depd@1.0.1
20 silly idealTree:prePrune +-- ms@0.7.1
20 silly idealTree:prePrune +-- negotiator@0.5.3
20 silly idealTree:prePrune +-- ng-file-upload@11.2.3
20 silly idealTree:prePrune +-- on-finished@2.3.0
20 silly idealTree:prePrune +-- on-headers@1.0.1
20 silly idealTree:prePrune +-- optimist@0.3.7
20 silly idealTree:prePrune +-- parseurl@1.3.1
20 silly idealTree:prePrune +-- path-to-regexp@0.1.7
20 silly idealTree:prePrune +-- promise@6.1.0
20 silly idealTree:prePrune +-- proxy-addr@1.0.10
20 silly idealTree:prePrune +-- qs@6.1.0
20 silly idealTree:prePrune +-- range-parser@1.0.3
20 silly idealTree:prePrune +-- raw-body@2.1.5
20 silly idealTree:prePrune +-- repeat-string@1.5.2
20 silly idealTree:prePrune +-- right-align@0.1.3
20 silly idealTree:prePrune +-- send@0.13.1
20 silly idealTree:prePrune | `-- http-errors@1.3.1
20 silly idealTree:prePrune +-- serve-static@1.10.2
20 silly idealTree:prePrune +-- source-map@0.4.4
20 silly idealTree:prePrune +-- statuses@1.2.1
20 silly idealTree:prePrune +-- transformers@2.1.0
20 silly idealTree:prePrune | +-- is-promise@1.0.1
20 silly idealTree:prePrune | +-- promise@2.0.0
20 silly idealTree:prePrune | +-- source-map@0.1.43
20 silly idealTree:prePrune | `-- uglify-js@2.2.5
20 silly idealTree:prePrune +-- type-is@1.6.11
20 silly idealTree:prePrune +-- uglify-js@2.6.1
20 silly idealTree:prePrune | `-- source-map@0.5.3
20 silly idealTree:prePrune +-- uglify-to-browserify@1.0.2
20 silly idealTree:prePrune +-- unpipe@1.0.0
20 silly idealTree:prePrune +-- utils-merge@1.0.0
20 silly idealTree:prePrune +-- vary@1.0.1
20 silly idealTree:prePrune +-- void-elements@2.0.1
20 silly idealTree:prePrune +-- window-size@0.1.0
20 silly idealTree:prePrune +-- with@4.0.3
20 silly idealTree:prePrune | `-- acorn@1.2.2
20 silly idealTree:prePrune +-- wordwrap@0.0.3
20 silly idealTree:prePrune `-- yargs@3.10.0
21 silly loadIdealTree Finishing
22 silly currentTree peerJSp2p@0.0.0
22 silly currentTree +-- accepts@1.2.13
22 silly currentTree +-- acorn-globals@1.0.9
22 silly currentTree +-- acorn@2.7.0
22 silly currentTree +-- align-text@0.1.4
22 silly currentTree +-- amdefine@1.0.0
22 silly currentTree +-- array-flatten@1.1.1
22 silly currentTree +-- asap@1.0.0
22 silly currentTree +-- async@0.2.10
22 silly currentTree +-- basic-auth@1.0.3
22 silly currentTree +-- body-parser@1.15.0
22 silly currentTree +-- bower@1.7.7
22 silly currentTree +-- bytes@2.2.0
22 silly currentTree +-- camelcase@1.2.1
22 silly currentTree +-- center-align@0.1.3
22 silly currentTree +-- character-parser@1.2.1
22 silly currentTree +-- clean-css@3.4.9
22 silly currentTree | `-- commander@2.8.1
22 silly currentTree +-- cliui@2.1.0
22 silly currentTree | `-- wordwrap@0.0.2
22 silly currentTree +-- commander@2.6.0
22 silly currentTree +-- constantinople@3.0.2
22 silly currentTree +-- content-disposition@0.5.1
22 silly currentTree +-- content-type@1.0.1
22 silly currentTree +-- cookie-signature@1.0.6
22 silly currentTree +-- cookie@0.1.5
22 silly currentTree +-- css-parse@1.0.4
22 silly currentTree +-- css-stringify@1.0.5
22 silly currentTree +-- css@1.0.8
22 silly currentTree +-- debug@2.2.0
22 silly currentTree +-- decamelize@1.1.2
22 silly currentTree +-- depd@1.1.0
22 silly currentTree +-- destroy@1.0.4
22 silly currentTree +-- ee-first@1.1.1
22 silly currentTree +-- escape-html@1.0.3
22 silly currentTree +-- escape-string-regexp@1.0.4
22 silly currentTree +-- etag@1.7.0
22 silly currentTree +-- express@4.13.4
22 silly currentTree | `-- qs@4.0.0
22 silly currentTree +-- finalhandler@0.4.1
22 silly currentTree +-- forwarded@0.1.0
22 silly currentTree +-- fresh@0.3.0
22 silly currentTree +-- graceful-readlink@1.0.1
22 silly currentTree +-- http-errors@1.4.0
22 silly currentTree +-- iconv-lite@0.4.13
22 silly currentTree +-- inherits@2.0.1
22 silly currentTree +-- ipaddr.js@1.0.5
22 silly currentTree +-- is-buffer@1.1.2
22 silly currentTree +-- is-promise@2.1.0
22 silly currentTree +-- jade@1.11.0
22 silly currentTree +-- jstransformer@0.0.2
22 silly currentTree +-- kind-of@3.0.2
22 silly currentTree +-- lazy-cache@1.0.3
22 silly currentTree +-- longest@1.0.1
22 silly currentTree +-- media-typer@0.3.0
22 silly currentTree +-- merge-descriptors@1.0.1
22 silly currentTree +-- methods@1.1.2
22 silly currentTree +-- mime-db@1.22.0
22 silly currentTree +-- mime-types@2.1.10
22 silly currentTree +-- mime@1.3.4
22 silly currentTree +-- minimist@0.0.8
22 silly currentTree +-- mkdirp@0.5.1
22 silly currentTree +-- morgan@1.6.1
22 silly currentTree | `-- depd@1.0.1
22 silly currentTree +-- ms@0.7.1
22 silly currentTree +-- negotiator@0.5.3
22 silly currentTree +-- ng-file-upload@11.2.3
22 silly currentTree +-- on-finished@2.3.0
22 silly currentTree +-- on-headers@1.0.1
22 silly currentTree +-- optimist@0.3.7
22 silly currentTree +-- parseurl@1.3.1
22 silly currentTree +-- path-to-regexp@0.1.7
22 silly currentTree +-- promise@6.1.0
22 silly currentTree +-- proxy-addr@1.0.10
22 silly currentTree +-- qs@6.1.0
22 silly currentTree +-- range-parser@1.0.3
22 silly currentTree +-- raw-body@2.1.5
22 silly currentTree +-- repeat-string@1.5.2
22 silly currentTree +-- right-align@0.1.3
22 silly currentTree +-- send@0.13.1
22 silly currentTree | `-- http-errors@1.3.1
22 silly currentTree +-- serve-static@1.10.2
22 silly currentTree +-- source-map@0.4.4
22 silly currentTree +-- statuses@1.2.1
22 silly currentTree +-- transformers@2.1.0
22 silly currentTree | +-- is-promise@1.0.1
22 silly currentTree | +-- promise@2.0.0
22 silly currentTree | +-- source-map@0.1.43
22 silly currentTree | `-- uglify-js@2.2.5
22 silly currentTree +-- type-is@1.6.11
22 silly currentTree +-- uglify-js@2.6.1
22 silly currentTree | `-- source-map@0.5.3
22 silly currentTree +-- uglify-to-browserify@1.0.2
22 silly currentTree +-- unpipe@1.0.0
22 silly currentTree +-- utils-merge@1.0.0
22 silly currentTree +-- vary@1.0.1
22 silly currentTree +-- void-elements@2.0.1
22 silly currentTree +-- window-size@0.1.0
22 silly currentTree +-- with@4.0.3
22 silly currentTree | `-- acorn@1.2.2
22 silly currentTree +-- wordwrap@0.0.3
22 silly currentTree `-- yargs@3.10.0
23 silly idealTree peerJSp2p@0.0.0
23 silly idealTree +-- accepts@1.2.13
23 silly idealTree +-- acorn-globals@1.0.9
23 silly idealTree +-- acorn@2.7.0
23 silly idealTree +-- align-text@0.1.4
23 silly idealTree +-- amdefine@1.0.0
23 silly idealTree +-- array-flatten@1.1.1
23 silly idealTree +-- asap@1.0.0
23 silly idealTree +-- async@0.2.10
23 silly idealTree +-- basic-auth@1.0.3
23 silly idealTree +-- body-parser@1.15.0
23 silly idealTree +-- bower@1.7.7
23 silly idealTree +-- bytes@2.2.0
23 silly idealTree +-- camelcase@1.2.1
23 silly idealTree +-- center-align@0.1.3
23 silly idealTree +-- character-parser@1.2.1
23 silly idealTree +-- clean-css@3.4.9
23 silly idealTree | `-- commander@2.8.1
23 silly idealTree +-- cliui@2.1.0
23 silly idealTree | `-- wordwrap@0.0.2
23 silly idealTree +-- commander@2.6.0
23 silly idealTree +-- constantinople@3.0.2
23 silly idealTree +-- content-disposition@0.5.1
23 silly idealTree +-- content-type@1.0.1
23 silly idealTree +-- cookie-signature@1.0.6
23 silly idealTree +-- cookie@0.1.5
23 silly idealTree +-- css-parse@1.0.4
23 silly idealTree +-- css-stringify@1.0.5
23 silly idealTree +-- css@1.0.8
23 silly idealTree +-- debug@2.2.0
23 silly idealTree +-- decamelize@1.1.2
23 silly idealTree +-- depd@1.1.0
23 silly idealTree +-- destroy@1.0.4
23 silly idealTree +-- ee-first@1.1.1
23 silly idealTree +-- escape-html@1.0.3
23 silly idealTree +-- escape-string-regexp@1.0.4
23 silly idealTree +-- etag@1.7.0
23 silly idealTree +-- express@4.13.4
23 silly idealTree | `-- qs@4.0.0
23 silly idealTree +-- finalhandler@0.4.1
23 silly idealTree +-- forwarded@0.1.0
23 silly idealTree +-- fresh@0.3.0
23 silly idealTree +-- graceful-readlink@1.0.1
23 silly idealTree +-- http-errors@1.4.0
23 silly idealTree +-- iconv-lite@0.4.13
23 silly idealTree +-- inherits@2.0.1
23 silly idealTree +-- ipaddr.js@1.0.5
23 silly idealTree +-- is-buffer@1.1.2
23 silly idealTree +-- is-promise@2.1.0
23 silly idealTree +-- jade@1.11.0
23 silly idealTree +-- jstransformer@0.0.2
23 silly idealTree +-- kind-of@3.0.2
23 silly idealTree +-- lazy-cache@1.0.3
23 silly idealTree +-- longest@1.0.1
23 silly idealTree +-- media-typer@0.3.0
23 silly idealTree +-- merge-descriptors@1.0.1
23 silly idealTree +-- methods@1.1.2
23 silly idealTree +-- mime-db@1.22.0
23 silly idealTree +-- mime-types@2.1.10
23 silly idealTree +-- mime@1.3.4
23 silly idealTree +-- minimist@0.0.8
23 silly idealTree +-- mkdirp@0.5.1
23 silly idealTree +-- morgan@1.6.1
23 silly idealTree | `-- depd@1.0.1
23 silly idealTree +-- ms@0.7.1
23 silly idealTree +-- negotiator@0.5.3
23 silly idealTree +-- ng-file-upload@11.2.3
23 silly idealTree +-- on-finished@2.3.0
23 silly idealTree +-- on-headers@1.0.1
23 silly idealTree +-- optimist@0.3.7
23 silly idealTree +-- parseurl@1.3.1
23 silly idealTree +-- path-to-regexp@0.1.7
23 silly idealTree +-- promise@6.1.0
23 silly idealTree +-- proxy-addr@1.0.10
23 silly idealTree +-- qs@6.1.0
23 silly idealTree +-- range-parser@1.0.3
23 silly idealTree +-- raw-body@2.1.5
23 silly idealTree +-- repeat-string@1.5.2
23 silly idealTree +-- right-align@0.1.3
23 silly idealTree +-- send@0.13.1
23 silly idealTree | `-- http-errors@1.3.1
23 silly idealTree +-- serve-static@1.10.2
23 silly idealTree +-- source-map@0.4.4
23 silly idealTree +-- statuses@1.2.1
23 silly idealTree +-- transformers@2.1.0
23 silly idealTree | +-- is-promise@1.0.1
23 silly idealTree | +-- promise@2.0.0
23 silly idealTree | +-- source-map@0.1.43
23 silly idealTree | `-- uglify-js@2.2.5
23 silly idealTree +-- type-is@1.6.11
23 silly idealTree +-- uglify-js@2.6.1
23 silly idealTree | `-- source-map@0.5.3
23 silly idealTree +-- uglify-to-browserify@1.0.2
23 silly idealTree +-- unpipe@1.0.0
23 silly idealTree +-- utils-merge@1.0.0
23 silly idealTree +-- vary@1.0.1
23 silly idealTree +-- void-elements@2.0.1
23 silly idealTree +-- window-size@0.1.0
23 silly idealTree +-- with@4.0.3
23 silly idealTree | `-- acorn@1.2.2
23 silly idealTree +-- wordwrap@0.0.3
23 silly idealTree `-- yargs@3.10.0
24 silly generateActionsToTake Starting
25 silly install generateActionsToTake
26 silly generateActionsToTake Finishing
27 silly diffTrees action count 0
28 silly decomposeActions action count 0
29 silly executeActions Starting
30 silly install executeActions
31 silly doSerial global-install 0
32 silly doParallel fetch 0
33 verbose correctMkdir C:\Users\Nadine\AppData\Roaming\npm-cache\_locks correctMkdir not in flight; initializing
34 verbose lock using C:\Users\Nadine\AppData\Roaming\npm-cache\_locks\staging-723ff53a586d43fe.lock for C:\Users\Nadine\Desktop\forinlanguages\node_modules\.staging
35 silly doParallel extract 0
36 silly doParallel preinstall 0
37 silly doReverseSerial remove 0
38 silly doSerial move 0
39 silly doSerial finalize 0
40 silly doSerial build 0
41 silly doSerial global-link 0
42 silly doParallel update-linked 0
43 silly doSerial install 0
44 silly doSerial postinstall 0
45 verbose unlock done using C:\Users\Nadine\AppData\Roaming\npm-cache\_locks\staging-723ff53a586d43fe.lock for C:\Users\Nadine\Desktop\forinlanguages\node_modules\.staging
46 silly executeActions Finishing
47 silly rollbackFailedOptional Starting
48 silly rollbackFailedOptional Finishing
49 silly runTopLevelLifecycles Starting
50 silly install runTopLevelLifecycles
51 silly preinstall peerJSp2p@0.0.0 C:\Users\Nadine\Desktop\forinlanguages\peerJSp2p-151d12c5
52 info lifecycle peerJSp2p@0.0.0~preinstall: peerJSp2p@0.0.0
53 silly lifecycle peerJSp2p@0.0.0~preinstall: no script for preinstall, continuing
54 silly build peerJSp2p@0.0.0
55 info linkStuff peerJSp2p@0.0.0
56 silly linkStuff peerJSp2p@0.0.0 has C:\Users\Nadine\Desktop as its parent node_modules
57 verbose linkBins peerJSp2p@0.0.0
58 verbose linkMans peerJSp2p@0.0.0
59 silly install peerJSp2p@0.0.0 C:\Users\Nadine\Desktop\forinlanguages\peerJSp2p-151d12c5
60 info lifecycle peerJSp2p@0.0.0~install: peerJSp2p@0.0.0
61 silly lifecycle peerJSp2p@0.0.0~install: no script for install, continuing
62 silly postinstall peerJSp2p@0.0.0 C:\Users\Nadine\Desktop\forinlanguages\peerJSp2p-151d12c5
63 info lifecycle peerJSp2p@0.0.0~postinstall: peerJSp2p@0.0.0
64 verbose lifecycle peerJSp2p@0.0.0~postinstall: unsafe-perm in lifecycle true
65 verbose lifecycle peerJSp2p@0.0.0~postinstall: PATH: C:\Program Files\nodejs\node_modules\npm\bin\node-gyp-bin;C:\Users\Nadine\Desktop\forinlanguages\node_modules\.bin;C:\Users\Nadine\bin;C:\Program Files\Git\mingw64\bin;C:\Program Files\Git\usr\local\bin;C:\Program Files\Git\usr\bin;C:\Program Files\Git\usr\bin;C:\Program Files\Git\mingw64\bin;C:\Program Files\Git\usr\bin;C:\Users\Nadine\bin;C:\Program Files (x86)\Intel\iCLS Client;C:\Program Files\Intel\iCLS Client;C:\WINDOWS\system32;C:\WINDOWS;C:\WINDOWS\System32\Wbem;C:\WINDOWS\System32\WindowsPowerShell\v1.0;C:\Program Files (x86)\Intel\OpenCL SDK\2.0\bin\x86;C:\Program Files (x86)\Intel\OpenCL SDK\2.0\bin\x64;C:\Program Files\Intel\Intel(R) Management Engine Components\DAL;C:\Program Files\Intel\Intel(R) Management Engine Components\IPT;C:\Program Files (x86)\Intel\Intel(R) Management Engine Components\DAL;C:\Program Files (x86)\Intel\Intel(R) Management Engine Components\IPT;C:\Program Files\Git\cmd;C:\Program Files\Git\mingw64\bin;C:\Program Files\Git\usr\bin;C:\Program Files\nodejs;C:\Users\Nadine\AppData\Roaming\npm;C:\Program Files\Git\usr\bin\vendor_perl;C:\Program Files\Git\usr\bin\core_perl
66 verbose lifecycle peerJSp2p@0.0.0~postinstall: CWD: C:\Users\Nadine\Desktop\forinlanguages
67 silly lifecycle peerJSp2p@0.0.0~postinstall: Args: [ '/d /s /c', './node_modules/bower/bin/bower install' ]
68 silly lifecycle peerJSp2p@0.0.0~postinstall: Returned: code: 1  signal: null
69 info lifecycle peerJSp2p@0.0.0~postinstall: Failed to exec postinstall script
70 warn peerJSp2p@0.0.0 No repository field.
71 warn peerJSp2p@0.0.0 No license field.
72 verbose stack Error: peerJSp2p@0.0.0 postinstall: `./node_modules/bower/bin/bower install`
72 verbose stack Exit status 1
72 verbose stack     at EventEmitter.<anonymous> (C:\Program Files\nodejs\node_modules\npm\lib\utils\lifecycle.js:232:16)
72 verbose stack     at emitTwo (events.js:100:13)
72 verbose stack     at EventEmitter.emit (events.js:185:7)
72 verbose stack     at ChildProcess.<anonymous> (C:\Program Files\nodejs\node_modules\npm\lib\utils\spawn.js:24:14)
72 verbose stack     at emitTwo (events.js:100:13)
72 verbose stack     at ChildProcess.emit (events.js:185:7)
72 verbose stack     at maybeClose (internal/child_process.js:827:16)
72 verbose stack     at Process.ChildProcess._handle.onexit (internal/child_process.js:211:5)
73 verbose pkgid peerJSp2p@0.0.0
74 verbose cwd C:\Users\Nadine\Desktop\forinlanguages
75 error Windows_NT 6.3.9600
76 error argv "C:\\Program Files\\nodejs\\node.exe" "C:\\Program Files\\nodejs\\node_modules\\npm\\bin\\npm-cli.js" "install"
77 error node v5.6.0
78 error npm  v3.6.0
79 error code ELIFECYCLE
80 error peerJSp2p@0.0.0 postinstall: `./node_modules/bower/bin/bower install`
80 error Exit status 1
81 error Failed at the peerJSp2p@0.0.0 postinstall script './node_modules/bower/bin/bower install'.
81 error Make sure you have the latest version of node.js and npm installed.
81 error If you do, this is most likely a problem with the peerJSp2p package,
81 error not with npm itself.
81 error Tell the author that this fails on your system:
81 error     ./node_modules/bower/bin/bower install
81 error You can get information on how to open an issue for this project with:
81 error     npm bugs peerJSp2p
81 error Or if that isn't available, you can get their info via:
81 error     npm owner ls peerJSp2p
81 error There is likely additional logging output above.
82 verbose exit [ 1, true ]
